<?xml version="1.0" encoding="UTF-8"?>
<!-- Generated by org.testng.reporters.JUnitXMLReporter -->
<testsuite ignored="0" hostname="DESKTOP-RIIPE09" failures="0" tests="8" name="RegressionTest" time="5.637" errors="0" timestamp="2023-04-18T13:18:46 CEST">
  <testcase classname="test.FailedLoginTest" name="failedLoginTest" time="0.451"/>
  <testcase classname="testWithLogin.RemoveItemFromTheCartTest" name="removeItemFromTheCart" time="0.327"/>
  <testcase classname="test.LoginTest" name="successfulLogin" time="1.154"/>
  <testcase classname="testWithLogin.SelectRandomProductsTest" name="selectRandomProduct" time="0.661"/>
  <testcase classname="testWithLogin.LogoutTest" name="logoutTest" time="0.676"/>
  <testcase classname="testWithLogin.SuccessfulBoughtItemTest" name="successfulBoughtItem" time="0.928"/>
  <testcase classname="test.FailedLoginTest" name="failedLoginTest" time="0.252"/>
  <testcase classname="test.FailedLoginTest" name="failedLoginTest" time="0.255"/>
</testsuite> <!-- RegressionTest -->
