<?xml version="1.0" encoding="UTF-8"?>
<testng-results ignored="0" total="8" passed="8" failed="0" skipped="0">
  <reporter-output>
  </reporter-output>
  <suite started-at="2023-04-18T13:18:40 CEST" name="Regression" finished-at="2023-04-18T13:18:46 CEST" duration-ms="5637">
    <groups>
    </groups>
    <test started-at="2023-04-18T13:18:40 CEST" name="RegressionTest" finished-at="2023-04-18T13:18:46 CEST" duration-ms="5637">
      <class name="testWithLogin.SelectRandomProductsTest">
        <test-method is-config="true" signature="setup(java.lang.String)[pri:0, instance:testWithLogin.SelectRandomProductsTest@6646153]" started-at="2023-04-18T13:18:40 CEST" name="setup" finished-at="2023-04-18T13:18:42 CEST" duration-ms="2077" status="PASS">
          <params>
            <param index="0">
              <value>
                <![CDATA[chrome]]>
              </value>
            </param>
          </params>
          <reporter-output>
          </reporter-output>
        </test-method> <!-- setup -->
        <test-method is-config="true" signature="setup()[pri:0, instance:testWithLogin.SelectRandomProductsTest@6646153]" started-at="2023-04-18T13:18:42 CEST" name="setup" finished-at="2023-04-18T13:18:43 CEST" duration-ms="459" status="PASS">
          <reporter-output>
          </reporter-output>
        </test-method> <!-- setup -->
        <test-method signature="selectRandomProduct()[pri:0, instance:testWithLogin.SelectRandomProductsTest@6646153]" started-at="2023-04-18T13:18:43 CEST" name="selectRandomProduct" finished-at="2023-04-18T13:18:44 CEST" duration-ms="661" status="PASS">
          <reporter-output>
          </reporter-output>
        </test-method> <!-- selectRandomProduct -->
        <test-method is-config="true" signature="tearDown()[pri:0, instance:testWithLogin.SelectRandomProductsTest@6646153]" started-at="2023-04-18T13:18:44 CEST" name="tearDown" finished-at="2023-04-18T13:18:44 CEST" duration-ms="92" status="PASS">
          <reporter-output>
          </reporter-output>
        </test-method> <!-- tearDown -->
      </class> <!-- testWithLogin.SelectRandomProductsTest -->
      <class name="test.LoginTest">
        <test-method is-config="true" signature="setup(java.lang.String)[pri:0, instance:test.LoginTest@5906ebcb]" started-at="2023-04-18T13:18:40 CEST" name="setup" finished-at="2023-04-18T13:18:42 CEST" duration-ms="1987" status="PASS">
          <params>
            <param index="0">
              <value>
                <![CDATA[chrome]]>
              </value>
            </param>
          </params>
          <reporter-output>
          </reporter-output>
        </test-method> <!-- setup -->
        <test-method signature="successfulLogin()[pri:0, instance:test.LoginTest@5906ebcb]" started-at="2023-04-18T13:18:42 CEST" name="successfulLogin" finished-at="2023-04-18T13:18:44 CEST" duration-ms="1154" status="PASS">
          <reporter-output>
          </reporter-output>
        </test-method> <!-- successfulLogin -->
        <test-method is-config="true" signature="tearDown()[pri:0, instance:test.LoginTest@5906ebcb]" started-at="2023-04-18T13:18:44 CEST" name="tearDown" finished-at="2023-04-18T13:18:44 CEST" duration-ms="99" status="PASS">
          <reporter-output>
          </reporter-output>
        </test-method> <!-- tearDown -->
      </class> <!-- test.LoginTest -->
      <class name="testWithLogin.SuccessfulBoughtItemTest">
        <test-method is-config="true" signature="setup(java.lang.String)[pri:0, instance:testWithLogin.SuccessfulBoughtItemTest@6f3b5d16]" started-at="2023-04-18T13:18:40 CEST" name="setup" finished-at="2023-04-18T13:18:42 CEST" duration-ms="2009" status="PASS">
          <params>
            <param index="0">
              <value>
                <![CDATA[chrome]]>
              </value>
            </param>
          </params>
          <reporter-output>
          </reporter-output>
        </test-method> <!-- setup -->
        <test-method is-config="true" signature="setup()[pri:0, instance:testWithLogin.SuccessfulBoughtItemTest@6f3b5d16]" started-at="2023-04-18T13:18:42 CEST" name="setup" finished-at="2023-04-18T13:18:43 CEST" duration-ms="428" status="PASS">
          <reporter-output>
          </reporter-output>
        </test-method> <!-- setup -->
        <test-method signature="successfulBoughtItem()[pri:0, instance:testWithLogin.SuccessfulBoughtItemTest@6f3b5d16]" started-at="2023-04-18T13:18:43 CEST" name="successfulBoughtItem" finished-at="2023-04-18T13:18:44 CEST" duration-ms="928" status="PASS">
          <reporter-output>
          </reporter-output>
        </test-method> <!-- successfulBoughtItem -->
        <test-method is-config="true" signature="tearDown()[pri:0, instance:testWithLogin.SuccessfulBoughtItemTest@6f3b5d16]" started-at="2023-04-18T13:18:44 CEST" name="tearDown" finished-at="2023-04-18T13:18:44 CEST" duration-ms="81" status="PASS">
          <reporter-output>
          </reporter-output>
        </test-method> <!-- tearDown -->
      </class> <!-- testWithLogin.SuccessfulBoughtItemTest -->
      <class name="testWithLogin.RemoveItemFromTheCartTest">
        <test-method is-config="true" signature="setup(java.lang.String)[pri:0, instance:testWithLogin.RemoveItemFromTheCartTest@3d299e3]" started-at="2023-04-18T13:18:40 CEST" name="setup" finished-at="2023-04-18T13:18:42 CEST" duration-ms="2077" status="PASS">
          <params>
            <param index="0">
              <value>
                <![CDATA[chrome]]>
              </value>
            </param>
          </params>
          <reporter-output>
          </reporter-output>
        </test-method> <!-- setup -->
        <test-method is-config="true" signature="setup()[pri:0, instance:testWithLogin.RemoveItemFromTheCartTest@3d299e3]" started-at="2023-04-18T13:18:42 CEST" name="setup" finished-at="2023-04-18T13:18:43 CEST" duration-ms="474" status="PASS">
          <reporter-output>
          </reporter-output>
        </test-method> <!-- setup -->
        <test-method signature="removeItemFromTheCart()[pri:0, instance:testWithLogin.RemoveItemFromTheCartTest@3d299e3]" started-at="2023-04-18T13:18:43 CEST" name="removeItemFromTheCart" finished-at="2023-04-18T13:18:43 CEST" duration-ms="327" status="PASS">
          <reporter-output>
          </reporter-output>
        </test-method> <!-- removeItemFromTheCart -->
        <test-method is-config="true" signature="tearDown()[pri:0, instance:testWithLogin.RemoveItemFromTheCartTest@3d299e3]" started-at="2023-04-18T13:18:43 CEST" name="tearDown" finished-at="2023-04-18T13:18:43 CEST" duration-ms="106" status="PASS">
          <reporter-output>
          </reporter-output>
        </test-method> <!-- tearDown -->
      </class> <!-- testWithLogin.RemoveItemFromTheCartTest -->
      <class name="test.FailedLoginTest">
        <test-method is-config="true" signature="setup(java.lang.String)[pri:0, instance:test.FailedLoginTest@258e2e41]" started-at="2023-04-18T13:18:40 CEST" name="setup" finished-at="2023-04-18T13:18:42 CEST" duration-ms="1903" status="PASS">
          <params>
            <param index="0">
              <value>
                <![CDATA[chrome]]>
              </value>
            </param>
          </params>
          <reporter-output>
          </reporter-output>
        </test-method> <!-- setup -->
        <test-method signature="failedLoginTest(java.lang.String,java.lang.String,java.lang.String)[pri:0, instance:test.FailedLoginTest@258e2e41]" started-at="2023-04-18T13:18:42 CEST" name="failedLoginTest" data-provider="failedLogin" finished-at="2023-04-18T13:18:43 CEST" duration-ms="451" status="PASS">
          <params>
            <param index="0">
              <value>
                <![CDATA[]]>
              </value>
            </param>
            <param index="1">
              <value>
                <![CDATA[secret_sauce]]>
              </value>
            </param>
            <param index="2">
              <value>
                <![CDATA[Epic sadface: Username is required]]>
              </value>
            </param>
          </params>
          <reporter-output>
          </reporter-output>
        </test-method> <!-- failedLoginTest -->
        <test-method is-config="true" signature="tearDown()[pri:0, instance:test.FailedLoginTest@258e2e41]" started-at="2023-04-18T13:18:43 CEST" name="tearDown" finished-at="2023-04-18T13:18:43 CEST" duration-ms="162" status="PASS">
          <reporter-output>
          </reporter-output>
        </test-method> <!-- tearDown -->
        <test-method is-config="true" signature="setup(java.lang.String)[pri:0, instance:test.FailedLoginTest@258e2e41]" started-at="2023-04-18T13:18:43 CEST" name="setup" finished-at="2023-04-18T13:18:44 CEST" duration-ms="1243" status="PASS">
          <params>
            <param index="0">
              <value>
                <![CDATA[chrome]]>
              </value>
            </param>
          </params>
          <reporter-output>
          </reporter-output>
        </test-method> <!-- setup -->
        <test-method signature="failedLoginTest(java.lang.String,java.lang.String,java.lang.String)[pri:0, instance:test.FailedLoginTest@258e2e41]" started-at="2023-04-18T13:18:44 CEST" name="failedLoginTest" data-provider="failedLogin" finished-at="2023-04-18T13:18:45 CEST" duration-ms="252" status="PASS">
          <params>
            <param index="0">
              <value>
                <![CDATA[standard_user]]>
              </value>
            </param>
            <param index="1">
              <value>
                <![CDATA[]]>
              </value>
            </param>
            <param index="2">
              <value>
                <![CDATA[Epic sadface: Password is required]]>
              </value>
            </param>
          </params>
          <reporter-output>
          </reporter-output>
        </test-method> <!-- failedLoginTest -->
        <test-method is-config="true" signature="tearDown()[pri:0, instance:test.FailedLoginTest@258e2e41]" started-at="2023-04-18T13:18:45 CEST" name="tearDown" finished-at="2023-04-18T13:18:45 CEST" duration-ms="89" status="PASS">
          <reporter-output>
          </reporter-output>
        </test-method> <!-- tearDown -->
        <test-method is-config="true" signature="setup(java.lang.String)[pri:0, instance:test.FailedLoginTest@258e2e41]" started-at="2023-04-18T13:18:45 CEST" name="setup" finished-at="2023-04-18T13:18:46 CEST" duration-ms="1020" status="PASS">
          <params>
            <param index="0">
              <value>
                <![CDATA[chrome]]>
              </value>
            </param>
          </params>
          <reporter-output>
          </reporter-output>
        </test-method> <!-- setup -->
        <test-method signature="failedLoginTest(java.lang.String,java.lang.String,java.lang.String)[pri:0, instance:test.FailedLoginTest@258e2e41]" started-at="2023-04-18T13:18:46 CEST" name="failedLoginTest" data-provider="failedLogin" finished-at="2023-04-18T13:18:46 CEST" duration-ms="255" status="PASS">
          <params>
            <param index="0">
              <value>
                <![CDATA[ivory.dicki]]>
              </value>
            </param>
            <param index="1">
              <value>
                <![CDATA[YghFm]]>
              </value>
            </param>
            <param index="2">
              <value>
                <![CDATA[Epic sadface: Username and password do not match any user in this service]]>
              </value>
            </param>
          </params>
          <reporter-output>
          </reporter-output>
        </test-method> <!-- failedLoginTest -->
        <test-method is-config="true" signature="tearDown()[pri:0, instance:test.FailedLoginTest@258e2e41]" started-at="2023-04-18T13:18:46 CEST" name="tearDown" finished-at="2023-04-18T13:18:46 CEST" duration-ms="94" status="PASS">
          <reporter-output>
          </reporter-output>
        </test-method> <!-- tearDown -->
      </class> <!-- test.FailedLoginTest -->
      <class name="testWithLogin.LogoutTest">
        <test-method is-config="true" signature="setup(java.lang.String)[pri:0, instance:testWithLogin.LogoutTest@2d2e5f00]" started-at="2023-04-18T13:18:40 CEST" name="setup" finished-at="2023-04-18T13:18:42 CEST" duration-ms="2077" status="PASS">
          <params>
            <param index="0">
              <value>
                <![CDATA[chrome]]>
              </value>
            </param>
          </params>
          <reporter-output>
          </reporter-output>
        </test-method> <!-- setup -->
        <test-method is-config="true" signature="setup()[pri:0, instance:testWithLogin.LogoutTest@2d2e5f00]" started-at="2023-04-18T13:18:42 CEST" name="setup" finished-at="2023-04-18T13:18:43 CEST" duration-ms="522" status="PASS">
          <reporter-output>
          </reporter-output>
        </test-method> <!-- setup -->
        <test-method signature="logoutTest()[pri:0, instance:testWithLogin.LogoutTest@2d2e5f00]" started-at="2023-04-18T13:18:43 CEST" name="logoutTest" finished-at="2023-04-18T13:18:44 CEST" duration-ms="676" status="PASS">
          <reporter-output>
          </reporter-output>
        </test-method> <!-- logoutTest -->
        <test-method is-config="true" signature="tearDown()[pri:0, instance:testWithLogin.LogoutTest@2d2e5f00]" started-at="2023-04-18T13:18:44 CEST" name="tearDown" finished-at="2023-04-18T13:18:44 CEST" duration-ms="93" status="PASS">
          <reporter-output>
          </reporter-output>
        </test-method> <!-- tearDown -->
      </class> <!-- testWithLogin.LogoutTest -->
    </test> <!-- RegressionTest -->
  </suite> <!-- Regression -->
</testng-results>
